<?xml version="1.0" encoding="UTF-8"?>
<testsuite xmlns:xsi="http://www.w3.org/2001/XMLSchema-instance" xsi:noNamespaceSchemaLocation="https://maven.apache.org/surefire/maven-surefire-plugin/xsd/surefire-test-report-3.0.xsd" version="3.0" name="com.concessionaria.test.ExceptionHandlerTest" time="0.074" tests="15" errors="0" skipped="0" failures="0">
  <properties>
[...]
</properties>
  <testcase name="testGestisciNumberFormatException" classname="com.concessionaria.test.ExceptionHandlerTest" time="0.041">
    <system-err><![CDATA[giu 28, 2025 8:40:24 PM com.concessionaria.exception.ExceptionHandler gestisciEccezione
GRAVE: Eccezione in Parsing context
java.lang.NumberFormatException: Invalid number
	at com.concessionaria.test.ExceptionHandlerTest.testGestisciNumberFormatException(ExceptionHandlerTest.java:30)
	at java.base/jdk.internal.reflect.DirectMethodHandleAccessor.invoke(DirectMethodHandleAccessor.java:103)
	at java.base/java.lang.reflect.Method.invoke(Method.java:580)
	at org.junit.runners.model.FrameworkMethod$1.runReflectiveCall(FrameworkMethod.java:59)
	at org.junit.internal.runners.model.ReflectiveCallable.run(ReflectiveCallable.java:12)
	at org.junit.runners.model.FrameworkMethod.invokeExplosively(FrameworkMethod.java:56)
	at org.junit.internal.runners.statements.InvokeMethod.evaluate(InvokeMethod.java:17)
	at org.junit.runners.ParentRunner$3.evaluate(ParentRunner.java:306)
	at org.junit.runners.BlockJUnit4ClassRunner$1.evaluate(BlockJUnit4ClassRunner.java:100)
	at org.junit.runners.ParentRunner.runLeaf(ParentRunner.java:366)
	at org.junit.runners.BlockJUnit4ClassRunner.runChild(BlockJUnit4ClassRunner.java:103)
	at org.junit.runners.BlockJUnit4ClassRunner.runChild(BlockJUnit4ClassRunner.java:63)
	at org.junit.runners.ParentRunner$4.run(ParentRunner.java:331)
	at org.junit.runners.ParentRunner$1.schedule(ParentRunner.java:79)
	at org.junit.runners.ParentRunner.runChildren(ParentRunner.java:329)
	at org.junit.runners.ParentRunner.access$100(ParentRunner.java:66)
	at org.junit.runners.ParentRunner$2.evaluate(ParentRunner.java:293)
	at org.junit.runners.ParentRunner$3.evaluate(ParentRunner.java:306)
	at org.junit.runners.ParentRunner.run(ParentRunner.java:413)
	at org.apache.maven.surefire.junit4.JUnit4Provider.execute(JUnit4Provider.java:316)
	at org.apache.maven.surefire.junit4.JUnit4Provider.executeWithRerun(JUnit4Provider.java:240)
	at org.apache.maven.surefire.junit4.JUnit4Provider.executeTestSet(JUnit4Provider.java:214)
	at org.apache.maven.surefire.junit4.JUnit4Provider.invoke(JUnit4Provider.java:155)
	at org.apache.maven.surefire.booter.ForkedBooter.runSuitesInProcess(ForkedBooter.java:385)
	at org.apache.maven.surefire.booter.ForkedBooter.execute(ForkedBooter.java:162)
	at org.apache.maven.surefire.booter.ForkedBooter.run(ForkedBooter.java:507)
	at org.apache.maven.surefire.booter.ForkedBooter.main(ForkedBooter.java:495)

giu 28, 2025 8:40:24 PM com.concessionaria.exception.ExceptionHandler logContextInfo
GRAVE: === DETTAGLI ECCEZIONE ===
giu 28, 2025 8:40:24 PM com.concessionaria.exception.ExceptionHandler logContextInfo
GRAVE: Contesto: Parsing context
giu 28, 2025 8:40:24 PM com.concessionaria.exception.ExceptionHandler logContextInfo
GRAVE: Tipo eccezione: java.lang.NumberFormatException
giu 28, 2025 8:40:24 PM com.concessionaria.exception.ExceptionHandler logContextInfo
GRAVE: Messaggio originale: Invalid number
giu 28, 2025 8:40:24 PM com.concessionaria.exception.ExceptionHandler logContextInfo
GRAVE: Origine: com.concessionaria.test.ExceptionHandlerTest.testGestisciNumberFormatException(ExceptionHandlerTest.java:30)
giu 28, 2025 8:40:24 PM com.concessionaria.exception.ExceptionHandler logContextInfo
GRAVE: ========================
]]></system-err>
  </testcase>
  <testcase name="testRequirePositiveConZero" classname="com.concessionaria.test.ExceptionHandlerTest" time="0.0"/>
  <testcase name="testRequireNonEmpty" classname="com.concessionaria.test.ExceptionHandlerTest" time="0.0"/>
  <testcase name="testRequireNonEmptyConStringaVuota" classname="com.concessionaria.test.ExceptionHandlerTest" time="0.0"/>
  <testcase name="testRequireNonEmptyConNull" classname="com.concessionaria.test.ExceptionHandlerTest" time="0.0"/>
  <testcase name="testGestisciConcessionariaException" classname="com.concessionaria.test.ExceptionHandlerTest" time="0.009">
    <system-err><![CDATA[giu 28, 2025 8:40:24 PM com.concessionaria.exception.ExceptionHandler gestisciEccezione
GRAVE: Eccezione in Test context
com.concessionaria.exception.ConcessionariaException: Messaggio custom
	at com.concessionaria.test.ExceptionHandlerTest.testGestisciConcessionariaException(ExceptionHandlerTest.java:22)
	at java.base/jdk.internal.reflect.DirectMethodHandleAccessor.invoke(DirectMethodHandleAccessor.java:103)
	at java.base/java.lang.reflect.Method.invoke(Method.java:580)
	at org.junit.runners.model.FrameworkMethod$1.runReflectiveCall(FrameworkMethod.java:59)
	at org.junit.internal.runners.model.ReflectiveCallable.run(ReflectiveCallable.java:12)
	at org.junit.runners.model.FrameworkMethod.invokeExplosively(FrameworkMethod.java:56)
	at org.junit.internal.runners.statements.InvokeMethod.evaluate(InvokeMethod.java:17)
	at org.junit.runners.ParentRunner$3.evaluate(ParentRunner.java:306)
	at org.junit.runners.BlockJUnit4ClassRunner$1.evaluate(BlockJUnit4ClassRunner.java:100)
	at org.junit.runners.ParentRunner.runLeaf(ParentRunner.java:366)
	at org.junit.runners.BlockJUnit4ClassRunner.runChild(BlockJUnit4ClassRunner.java:103)
	at org.junit.runners.BlockJUnit4ClassRunner.runChild(BlockJUnit4ClassRunner.java:63)
	at org.junit.runners.ParentRunner$4.run(ParentRunner.java:331)
	at org.junit.runners.ParentRunner$1.schedule(ParentRunner.java:79)
	at org.junit.runners.ParentRunner.runChildren(ParentRunner.java:329)
	at org.junit.runners.ParentRunner.access$100(ParentRunner.java:66)
	at org.junit.runners.ParentRunner$2.evaluate(ParentRunner.java:293)
	at org.junit.runners.ParentRunner$3.evaluate(ParentRunner.java:306)
	at org.junit.runners.ParentRunner.run(ParentRunner.java:413)
	at org.apache.maven.surefire.junit4.JUnit4Provider.execute(JUnit4Provider.java:316)
	at org.apache.maven.surefire.junit4.JUnit4Provider.executeWithRerun(JUnit4Provider.java:240)
	at org.apache.maven.surefire.junit4.JUnit4Provider.executeTestSet(JUnit4Provider.java:214)
	at org.apache.maven.surefire.junit4.JUnit4Provider.invoke(JUnit4Provider.java:155)
	at org.apache.maven.surefire.booter.ForkedBooter.runSuitesInProcess(ForkedBooter.java:385)
	at org.apache.maven.surefire.booter.ForkedBooter.execute(ForkedBooter.java:162)
	at org.apache.maven.surefire.booter.ForkedBooter.run(ForkedBooter.java:507)
	at org.apache.maven.surefire.booter.ForkedBooter.main(ForkedBooter.java:495)

giu 28, 2025 8:40:24 PM com.concessionaria.exception.ExceptionHandler logContextInfo
GRAVE: === DETTAGLI ECCEZIONE ===
giu 28, 2025 8:40:24 PM com.concessionaria.exception.ExceptionHandler logContextInfo
GRAVE: Contesto: Test context
giu 28, 2025 8:40:24 PM com.concessionaria.exception.ExceptionHandler logContextInfo
GRAVE: Tipo eccezione: com.concessionaria.exception.ConcessionariaException
giu 28, 2025 8:40:24 PM com.concessionaria.exception.ExceptionHandler logContextInfo
GRAVE: Messaggio originale: Messaggio custom
giu 28, 2025 8:40:24 PM com.concessionaria.exception.ExceptionHandler logContextInfo
GRAVE: ========================
]]></system-err>
  </testcase>
  <testcase name="testGestisciIOException" classname="com.concessionaria.test.ExceptionHandlerTest" time="0.006">
    <system-err><![CDATA[giu 28, 2025 8:40:24 PM com.concessionaria.exception.ExceptionHandler gestisciEccezione
GRAVE: Eccezione in File context
java.io.IOException: File not found
	at com.concessionaria.test.ExceptionHandlerTest.testGestisciIOException(ExceptionHandlerTest.java:38)
	at java.base/jdk.internal.reflect.DirectMethodHandleAccessor.invoke(DirectMethodHandleAccessor.java:103)
	at java.base/java.lang.reflect.Method.invoke(Method.java:580)
	at org.junit.runners.model.FrameworkMethod$1.runReflectiveCall(FrameworkMethod.java:59)
	at org.junit.internal.runners.model.ReflectiveCallable.run(ReflectiveCallable.java:12)
	at org.junit.runners.model.FrameworkMethod.invokeExplosively(FrameworkMethod.java:56)
	at org.junit.internal.runners.statements.InvokeMethod.evaluate(InvokeMethod.java:17)
	at org.junit.runners.ParentRunner$3.evaluate(ParentRunner.java:306)
	at org.junit.runners.BlockJUnit4ClassRunner$1.evaluate(BlockJUnit4ClassRunner.java:100)
	at org.junit.runners.ParentRunner.runLeaf(ParentRunner.java:366)
	at org.junit.runners.BlockJUnit4ClassRunner.runChild(BlockJUnit4ClassRunner.java:103)
	at org.junit.runners.BlockJUnit4ClassRunner.runChild(BlockJUnit4ClassRunner.java:63)
	at org.junit.runners.ParentRunner$4.run(ParentRunner.java:331)
	at org.junit.runners.ParentRunner$1.schedule(ParentRunner.java:79)
	at org.junit.runners.ParentRunner.runChildren(ParentRunner.java:329)
	at org.junit.runners.ParentRunner.access$100(ParentRunner.java:66)
	at org.junit.runners.ParentRunner$2.evaluate(ParentRunner.java:293)
	at org.junit.runners.ParentRunner$3.evaluate(ParentRunner.java:306)
	at org.junit.runners.ParentRunner.run(ParentRunner.java:413)
	at org.apache.maven.surefire.junit4.JUnit4Provider.execute(JUnit4Provider.java:316)
	at org.apache.maven.surefire.junit4.JUnit4Provider.executeWithRerun(JUnit4Provider.java:240)
	at org.apache.maven.surefire.junit4.JUnit4Provider.executeTestSet(JUnit4Provider.java:214)
	at org.apache.maven.surefire.junit4.JUnit4Provider.invoke(JUnit4Provider.java:155)
	at org.apache.maven.surefire.booter.ForkedBooter.runSuitesInProcess(ForkedBooter.java:385)
	at org.apache.maven.surefire.booter.ForkedBooter.execute(ForkedBooter.java:162)
	at org.apache.maven.surefire.booter.ForkedBooter.run(ForkedBooter.java:507)
	at org.apache.maven.surefire.booter.ForkedBooter.main(ForkedBooter.java:495)

giu 28, 2025 8:40:24 PM com.concessionaria.exception.ExceptionHandler logContextInfo
GRAVE: === DETTAGLI ECCEZIONE ===
giu 28, 2025 8:40:24 PM com.concessionaria.exception.ExceptionHandler logContextInfo
GRAVE: Contesto: File context
giu 28, 2025 8:40:24 PM com.concessionaria.exception.ExceptionHandler logContextInfo
GRAVE: Tipo eccezione: java.io.IOException
giu 28, 2025 8:40:24 PM com.concessionaria.exception.ExceptionHandler logContextInfo
GRAVE: Messaggio originale: File not found
giu 28, 2025 8:40:24 PM com.concessionaria.exception.ExceptionHandler logContextInfo
GRAVE: Origine: com.concessionaria.test.ExceptionHandlerTest.testGestisciIOException(ExceptionHandlerTest.java:38)
giu 28, 2025 8:40:24 PM com.concessionaria.exception.ExceptionHandler logContextInfo
GRAVE: ========================
]]></system-err>
  </testcase>
  <testcase name="testWrapException" classname="com.concessionaria.test.ExceptionHandlerTest" time="0.002">
    <system-err><![CDATA[giu 28, 2025 8:40:24 PM com.concessionaria.exception.ExceptionHandler wrapException
AVVERTENZA: Wrapping eccezione tecnica
java.lang.RuntimeException: Original message
	at com.concessionaria.test.ExceptionHandlerTest.testWrapException(ExceptionHandlerTest.java:112)
	at java.base/jdk.internal.reflect.DirectMethodHandleAccessor.invoke(DirectMethodHandleAccessor.java:103)
	at java.base/java.lang.reflect.Method.invoke(Method.java:580)
	at org.junit.runners.model.FrameworkMethod$1.runReflectiveCall(FrameworkMethod.java:59)
	at org.junit.internal.runners.model.ReflectiveCallable.run(ReflectiveCallable.java:12)
	at org.junit.runners.model.FrameworkMethod.invokeExplosively(FrameworkMethod.java:56)
	at org.junit.internal.runners.statements.InvokeMethod.evaluate(InvokeMethod.java:17)
	at org.junit.runners.ParentRunner$3.evaluate(ParentRunner.java:306)
	at org.junit.runners.BlockJUnit4ClassRunner$1.evaluate(BlockJUnit4ClassRunner.java:100)
	at org.junit.runners.ParentRunner.runLeaf(ParentRunner.java:366)
	at org.junit.runners.BlockJUnit4ClassRunner.runChild(BlockJUnit4ClassRunner.java:103)
	at org.junit.runners.BlockJUnit4ClassRunner.runChild(BlockJUnit4ClassRunner.java:63)
	at org.junit.runners.ParentRunner$4.run(ParentRunner.java:331)
	at org.junit.runners.ParentRunner$1.schedule(ParentRunner.java:79)
	at org.junit.runners.ParentRunner.runChildren(ParentRunner.java:329)
	at org.junit.runners.ParentRunner.access$100(ParentRunner.java:66)
	at org.junit.runners.ParentRunner$2.evaluate(ParentRunner.java:293)
	at org.junit.runners.ParentRunner$3.evaluate(ParentRunner.java:306)
	at org.junit.runners.ParentRunner.run(ParentRunner.java:413)
	at org.apache.maven.surefire.junit4.JUnit4Provider.execute(JUnit4Provider.java:316)
	at org.apache.maven.surefire.junit4.JUnit4Provider.executeWithRerun(JUnit4Provider.java:240)
	at org.apache.maven.surefire.junit4.JUnit4Provider.executeTestSet(JUnit4Provider.java:214)
	at org.apache.maven.surefire.junit4.JUnit4Provider.invoke(JUnit4Provider.java:155)
	at org.apache.maven.surefire.booter.ForkedBooter.runSuitesInProcess(ForkedBooter.java:385)
	at org.apache.maven.surefire.booter.ForkedBooter.execute(ForkedBooter.java:162)
	at org.apache.maven.surefire.booter.ForkedBooter.run(ForkedBooter.java:507)
	at org.apache.maven.surefire.booter.ForkedBooter.main(ForkedBooter.java:495)

]]></system-err>
  </testcase>
  <testcase name="testRequireInRange" classname="com.concessionaria.test.ExceptionHandlerTest" time="0.0"/>
  <testcase name="testRequireNonNull" classname="com.concessionaria.test.ExceptionHandlerTest" time="0.0"/>
  <testcase name="testRequireNonNullConNull" classname="com.concessionaria.test.ExceptionHandlerTest" time="0.0"/>
  <testcase name="testGestisciEccezioneGenerica" classname="com.concessionaria.test.ExceptionHandlerTest" time="0.007">
    <system-err><![CDATA[giu 28, 2025 8:40:24 PM com.concessionaria.exception.ExceptionHandler gestisciEccezione
GRAVE: Eccezione in Test context
java.lang.RuntimeException: Test exception
	at com.concessionaria.test.ExceptionHandlerTest.testGestisciEccezioneGenerica(ExceptionHandlerTest.java:13)
	at java.base/jdk.internal.reflect.DirectMethodHandleAccessor.invoke(DirectMethodHandleAccessor.java:103)
	at java.base/java.lang.reflect.Method.invoke(Method.java:580)
	at org.junit.runners.model.FrameworkMethod$1.runReflectiveCall(FrameworkMethod.java:59)
	at org.junit.internal.runners.model.ReflectiveCallable.run(ReflectiveCallable.java:12)
	at org.junit.runners.model.FrameworkMethod.invokeExplosively(FrameworkMethod.java:56)
	at org.junit.internal.runners.statements.InvokeMethod.evaluate(InvokeMethod.java:17)
	at org.junit.runners.ParentRunner$3.evaluate(ParentRunner.java:306)
	at org.junit.runners.BlockJUnit4ClassRunner$1.evaluate(BlockJUnit4ClassRunner.java:100)
	at org.junit.runners.ParentRunner.runLeaf(ParentRunner.java:366)
	at org.junit.runners.BlockJUnit4ClassRunner.runChild(BlockJUnit4ClassRunner.java:103)
	at org.junit.runners.BlockJUnit4ClassRunner.runChild(BlockJUnit4ClassRunner.java:63)
	at org.junit.runners.ParentRunner$4.run(ParentRunner.java:331)
	at org.junit.runners.ParentRunner$1.schedule(ParentRunner.java:79)
	at org.junit.runners.ParentRunner.runChildren(ParentRunner.java:329)
	at org.junit.runners.ParentRunner.access$100(ParentRunner.java:66)
	at org.junit.runners.ParentRunner$2.evaluate(ParentRunner.java:293)
	at org.junit.runners.ParentRunner$3.evaluate(ParentRunner.java:306)
	at org.junit.runners.ParentRunner.run(ParentRunner.java:413)
	at org.apache.maven.surefire.junit4.JUnit4Provider.execute(JUnit4Provider.java:316)
	at org.apache.maven.surefire.junit4.JUnit4Provider.executeWithRerun(JUnit4Provider.java:240)
	at org.apache.maven.surefire.junit4.JUnit4Provider.executeTestSet(JUnit4Provider.java:214)
	at org.apache.maven.surefire.junit4.JUnit4Provider.invoke(JUnit4Provider.java:155)
	at org.apache.maven.surefire.booter.ForkedBooter.runSuitesInProcess(ForkedBooter.java:385)
	at org.apache.maven.surefire.booter.ForkedBooter.execute(ForkedBooter.java:162)
	at org.apache.maven.surefire.booter.ForkedBooter.run(ForkedBooter.java:507)
	at org.apache.maven.surefire.booter.ForkedBooter.main(ForkedBooter.java:495)

giu 28, 2025 8:40:24 PM com.concessionaria.exception.ExceptionHandler logContextInfo
GRAVE: === DETTAGLI ECCEZIONE ===
giu 28, 2025 8:40:24 PM com.concessionaria.exception.ExceptionHandler logContextInfo
GRAVE: Contesto: Test context
giu 28, 2025 8:40:24 PM com.concessionaria.exception.ExceptionHandler logContextInfo
GRAVE: Tipo eccezione: java.lang.RuntimeException
giu 28, 2025 8:40:24 PM com.concessionaria.exception.ExceptionHandler logContextInfo
GRAVE: Messaggio originale: Test exception
giu 28, 2025 8:40:24 PM com.concessionaria.exception.ExceptionHandler logContextInfo
GRAVE: Origine: com.concessionaria.test.ExceptionHandlerTest.testGestisciEccezioneGenerica(ExceptionHandlerTest.java:13)
giu 28, 2025 8:40:24 PM com.concessionaria.exception.ExceptionHandler logContextInfo
GRAVE: ========================
]]></system-err>
  </testcase>
  <testcase name="testRequireInRangeFuoriRange" classname="com.concessionaria.test.ExceptionHandlerTest" time="0.0"/>
  <testcase name="testRequirePositiveConNegativo" classname="com.concessionaria.test.ExceptionHandlerTest" time="0.0"/>
  <testcase name="testRequirePositive" classname="com.concessionaria.test.ExceptionHandlerTest" time="0.0"/>
</testsuite>